Added Component: Designator=C1(CAPC2012X09M)
Add component. Clean all parameters for all variants
Add component (AddParameter): Name = "MPN"; Value = "C0805C104J5RACTU"; VariantName = "[No Variations]"
Add component (AddParameter): Name = "Name"; Value = "CAP-X7R-.1uF-50V-±5%"; VariantName = "[No Variations]"
Add component (AddParameter): Name = "PN"; Value = "399-1171-1-ND"; VariantName = "[No Variations]"
Add component (AddParameter): Name = "Tolerance"; Value = "±5%"; VariantName = "[No Variations]"
Add component (AddParameter): Name = "Type"; Value = "X7R"; VariantName = "[No Variations]"
Add component (AddParameter): Name = "URL"; Value = "http://www.digikey.ca/product-detail/en/C0805C104J5RACTU/399-1171-1-ND"; VariantName = "[No Variations]"
Add component (AddParameter): Name = "Value"; Value = ".1uF"; VariantName = "[No Variations]"
Add component (AddParameter): Name = "WV"; Value = "50"; VariantName = "[No Variations]"
Added Component: Designator=C2(CAPC2012X09M)
Add component. Clean all parameters for all variants
Add component (AddParameter): Name = "MPN"; Value = "C0805C104J5RACTU"; VariantName = "[No Variations]"
Add component (AddParameter): Name = "Name"; Value = "CAP-X7R-.1uF-50V-±5%"; VariantName = "[No Variations]"
Add component (AddParameter): Name = "PN"; Value = "399-1171-1-ND"; VariantName = "[No Variations]"
Add component (AddParameter): Name = "Tolerance"; Value = "±5%"; VariantName = "[No Variations]"
Add component (AddParameter): Name = "Type"; Value = "X7R"; VariantName = "[No Variations]"
Add component (AddParameter): Name = "URL"; Value = "http://www.digikey.ca/product-detail/en/C0805C104J5RACTU/399-1171-1-ND"; VariantName = "[No Variations]"
Add component (AddParameter): Name = "Value"; Value = ".1uF"; VariantName = "[No Variations]"
Add component (AddParameter): Name = "WV"; Value = "50"; VariantName = "[No Variations]"
Added Component: Designator=C3(CAPC2012X09M)
Add component. Clean all parameters for all variants
Add component (AddParameter): Name = "MPN"; Value = "C0805C104J5RACTU"; VariantName = "[No Variations]"
Add component (AddParameter): Name = "Name"; Value = "CAP-X7R-.1uF-50V-±5%"; VariantName = "[No Variations]"
Add component (AddParameter): Name = "PN"; Value = "399-1171-1-ND"; VariantName = "[No Variations]"
Add component (AddParameter): Name = "Tolerance"; Value = "±5%"; VariantName = "[No Variations]"
Add component (AddParameter): Name = "Type"; Value = "X7R"; VariantName = "[No Variations]"
Add component (AddParameter): Name = "URL"; Value = "http://www.digikey.ca/product-detail/en/C0805C104J5RACTU/399-1171-1-ND"; VariantName = "[No Variations]"
Add component (AddParameter): Name = "Value"; Value = ".1uF"; VariantName = "[No Variations]"
Add component (AddParameter): Name = "WV"; Value = "50"; VariantName = "[No Variations]"
Added Component: Designator=C4(CAPC2012X09M)
Add component. Clean all parameters for all variants
Add component (AddParameter): Name = "MPN"; Value = "C0805C104J5RACTU"; VariantName = "[No Variations]"
Add component (AddParameter): Name = "Name"; Value = "CAP-X7R-.1uF-50V-±5%"; VariantName = "[No Variations]"
Add component (AddParameter): Name = "PN"; Value = "399-1171-1-ND"; VariantName = "[No Variations]"
Add component (AddParameter): Name = "Tolerance"; Value = "±5%"; VariantName = "[No Variations]"
Add component (AddParameter): Name = "Type"; Value = "X7R"; VariantName = "[No Variations]"
Add component (AddParameter): Name = "URL"; Value = "http://www.digikey.ca/product-detail/en/C0805C104J5RACTU/399-1171-1-ND"; VariantName = "[No Variations]"
Add component (AddParameter): Name = "Value"; Value = ".1uF"; VariantName = "[No Variations]"
Add component (AddParameter): Name = "WV"; Value = "50"; VariantName = "[No Variations]"
Added Component: Designator=C5(CAPC2012X09M)
Add component. Clean all parameters for all variants
Add component (AddParameter): Name = "MPN"; Value = "C0805C104J5RACTU"; VariantName = "[No Variations]"
Add component (AddParameter): Name = "Name"; Value = "CAP-X7R-.1uF-50V-±5%"; VariantName = "[No Variations]"
Add component (AddParameter): Name = "PN"; Value = "399-1171-1-ND"; VariantName = "[No Variations]"
Add component (AddParameter): Name = "Tolerance"; Value = "±5%"; VariantName = "[No Variations]"
Add component (AddParameter): Name = "Type"; Value = "X7R"; VariantName = "[No Variations]"
Add component (AddParameter): Name = "URL"; Value = "http://www.digikey.ca/product-detail/en/C0805C104J5RACTU/399-1171-1-ND"; VariantName = "[No Variations]"
Add component (AddParameter): Name = "Value"; Value = ".1uF"; VariantName = "[No Variations]"
Add component (AddParameter): Name = "WV"; Value = "50"; VariantName = "[No Variations]"
Added Component: Designator=C6(CAPC2012X09M)
Add component. Clean all parameters for all variants
Add component (AddParameter): Name = "MPN"; Value = "C0805C104J5RACTU"; VariantName = "[No Variations]"
Add component (AddParameter): Name = "Name"; Value = "CAP-X7R-.1uF-50V-±5%"; VariantName = "[No Variations]"
Add component (AddParameter): Name = "PN"; Value = "399-1171-1-ND"; VariantName = "[No Variations]"
Add component (AddParameter): Name = "Tolerance"; Value = "±5%"; VariantName = "[No Variations]"
Add component (AddParameter): Name = "Type"; Value = "X7R"; VariantName = "[No Variations]"
Add component (AddParameter): Name = "URL"; Value = "http://www.digikey.ca/product-detail/en/C0805C104J5RACTU/399-1171-1-ND"; VariantName = "[No Variations]"
Add component (AddParameter): Name = "Value"; Value = ".1uF"; VariantName = "[No Variations]"
Add component (AddParameter): Name = "WV"; Value = "50"; VariantName = "[No Variations]"
Added Component: Designator=C7(CAPC2012X09M)
Add component. Clean all parameters for all variants
Add component (AddParameter): Name = "MPN"; Value = "C0805C104J5RACTU"; VariantName = "[No Variations]"
Add component (AddParameter): Name = "Name"; Value = "CAP-X7R-.1uF-50V-±5%"; VariantName = "[No Variations]"
Add component (AddParameter): Name = "PN"; Value = "399-1171-1-ND"; VariantName = "[No Variations]"
Add component (AddParameter): Name = "Tolerance"; Value = "±5%"; VariantName = "[No Variations]"
Add component (AddParameter): Name = "Type"; Value = "X7R"; VariantName = "[No Variations]"
Add component (AddParameter): Name = "URL"; Value = "http://www.digikey.ca/product-detail/en/C0805C104J5RACTU/399-1171-1-ND"; VariantName = "[No Variations]"
Add component (AddParameter): Name = "Value"; Value = ".1uF"; VariantName = "[No Variations]"
Add component (AddParameter): Name = "WV"; Value = "50"; VariantName = "[No Variations]"
Added Component: Designator=C8(CAPACITOR_5MM)
Add component. Clean all parameters for all variants
Add component (AddParameter): Name = "Diameter"; Value = "5"; VariantName = "[No Variations]"
Add component (AddParameter): Name = "Leakage Current"; Value = "3.5"; VariantName = "[No Variations]"
Add component (AddParameter): Name = "MPN"; Value = "UWX1V100MCL1GB"; VariantName = "[No Variations]"
Add component (AddParameter): Name = "Name"; Value = "Cap Polar-10uF-35V"; VariantName = "[No Variations]"
Add component (AddParameter): Name = "PN"; Value = "493-2117-1-ND"; VariantName = "[No Variations]"
Add component (AddParameter): Name = "Rated Ripple Current"; Value = "29"; VariantName = "[No Variations]"
Add component (AddParameter): Name = "Tan Theta"; Value = "0.12"; VariantName = "[No Variations]"
Add component (AddParameter): Name = "URL"; Value = "http://www.digikey.ca/product-detail/en/UWX1V100MCL1GB/493-2117-1-ND"; VariantName = "[No Variations]"
Add component (AddParameter): Name = "Value"; Value = "10uF"; VariantName = "[No Variations]"
Add component (AddParameter): Name = "Voltage"; Value = "35V"; VariantName = "[No Variations]"
Added Component: Designator=C9(CAPC2012X09M)
Add component. Clean all parameters for all variants
Add component (AddParameter): Name = "MPN"; Value = "C0805C104J5RACTU"; VariantName = "[No Variations]"
Add component (AddParameter): Name = "Name"; Value = "CAP-X7R-.1uF-50V-±5%"; VariantName = "[No Variations]"
Add component (AddParameter): Name = "PN"; Value = "399-1171-1-ND"; VariantName = "[No Variations]"
Add component (AddParameter): Name = "Tolerance"; Value = "±5%"; VariantName = "[No Variations]"
Add component (AddParameter): Name = "Type"; Value = "X7R"; VariantName = "[No Variations]"
Add component (AddParameter): Name = "URL"; Value = "http://www.digikey.ca/product-detail/en/C0805C104J5RACTU/399-1171-1-ND"; VariantName = "[No Variations]"
Add component (AddParameter): Name = "Value"; Value = ".1uF"; VariantName = "[No Variations]"
Add component (AddParameter): Name = "WV"; Value = "50"; VariantName = "[No Variations]"
Added Component: Designator=C10(CAPC2012X09M)
Add component. Clean all parameters for all variants
Add component (AddParameter): Name = "MPN"; Value = "C0805C104J5RACTU"; VariantName = "[No Variations]"
Add component (AddParameter): Name = "Name"; Value = "CAP-X7R-.1uF-50V-±5%"; VariantName = "[No Variations]"
Add component (AddParameter): Name = "PN"; Value = "399-1171-1-ND"; VariantName = "[No Variations]"
Add component (AddParameter): Name = "Tolerance"; Value = "±5%"; VariantName = "[No Variations]"
Add component (AddParameter): Name = "Type"; Value = "X7R"; VariantName = "[No Variations]"
Add component (AddParameter): Name = "URL"; Value = "http://www.digikey.ca/product-detail/en/C0805C104J5RACTU/399-1171-1-ND"; VariantName = "[No Variations]"
Add component (AddParameter): Name = "Value"; Value = ".1uF"; VariantName = "[No Variations]"
Add component (AddParameter): Name = "WV"; Value = "50"; VariantName = "[No Variations]"
Added Component: Designator=C11(CAPC2012X09M)
Add component. Clean all parameters for all variants
Add component (AddParameter): Name = "MPN"; Value = "C0805C104J5RACTU"; VariantName = "[No Variations]"
Add component (AddParameter): Name = "Name"; Value = "CAP-X7R-.1uF-50V-±5%"; VariantName = "[No Variations]"
Add component (AddParameter): Name = "PN"; Value = "399-1171-1-ND"; VariantName = "[No Variations]"
Add component (AddParameter): Name = "Tolerance"; Value = "±5%"; VariantName = "[No Variations]"
Add component (AddParameter): Name = "Type"; Value = "X7R"; VariantName = "[No Variations]"
Add component (AddParameter): Name = "URL"; Value = "http://www.digikey.ca/product-detail/en/C0805C104J5RACTU/399-1171-1-ND"; VariantName = "[No Variations]"
Add component (AddParameter): Name = "Value"; Value = ".1uF"; VariantName = "[No Variations]"
Add component (AddParameter): Name = "WV"; Value = "50"; VariantName = "[No Variations]"
Added Component: Designator=C12(CAPC2012X09M)
Add component. Clean all parameters for all variants
Add component (AddParameter): Name = "MPN"; Value = "C0805C221K5RACTU"; VariantName = "[No Variations]"
Add component (AddParameter): Name = "Name"; Value = "CAP-X7R-220pF-50V-±10%"; VariantName = "[No Variations]"
Add component (AddParameter): Name = "PN"; Value = "399-1138-1-ND"; VariantName = "[No Variations]"
Add component (AddParameter): Name = "Tolerance"; Value = "±10%"; VariantName = "[No Variations]"
Add component (AddParameter): Name = "Type"; Value = "X7R"; VariantName = "[No Variations]"
Add component (AddParameter): Name = "URL"; Value = "http://www.digikey.ca/product-detail/en/C0805C221K5RACTU/399-1138-1-ND"; VariantName = "[No Variations]"
Add component (AddParameter): Name = "Value"; Value = "220pF"; VariantName = "[No Variations]"
Add component (AddParameter): Name = "WV"; Value = "50"; VariantName = "[No Variations]"
Added Component: Designator=D1(DIOM4326X23M)
Add component. Clean all parameters for all variants
Add component (AddParameter): Name = "MPN"; Value = "B240A-13-F"; VariantName = "[No Variations]"
Add component (AddParameter): Name = "PN"; Value = "B240A-FDICT-ND"; VariantName = "[No Variations]"
Add component (AddParameter): Name = "URL"; Value = "http://www.digikey.ca/product-detail/en/B240A-13-F/B240A-FDICT-ND"; VariantName = "[No Variations]"
Added Component: Designator=D2(DIOM4326X23M)
Add component. Clean all parameters for all variants
Add component (AddParameter): Name = "MPN"; Value = "B240A-13-F"; VariantName = "[No Variations]"
Add component (AddParameter): Name = "PN"; Value = "B240A-FDICT-ND"; VariantName = "[No Variations]"
Add component (AddParameter): Name = "URL"; Value = "http://www.digikey.ca/product-detail/en/B240A-13-F/B240A-FDICT-ND"; VariantName = "[No Variations]"
Added Component: Designator=J1(DSUB1.385-2H9)
Add component. Clean all parameters for all variants
Add component (AddParameter): Name = "MPN"; Value = "ADF09A-KG-TASB3-R"; VariantName = "[No Variations]"
Add component (AddParameter): Name = "PN"; Value = "AE10921-ND"; VariantName = "[No Variations]"
Add component (AddParameter): Name = "URL"; Value = "http://www.digikey.ca/product-detail/en/ADF09A-KG-TASB3-R/AE10921-ND"; VariantName = "[No Variations]"
Added Component: Designator=P1(MOLEX_22-11-2062)
Add component. Clean all parameters for all variants
Add component (AddParameter): Name = "MPN"; Value = "0022112062"; VariantName = "[No Variations]"
Add component (AddParameter): Name = "PN"; Value = "WM2704-ND"; VariantName = "[No Variations]"
Add component (AddParameter): Name = "URL"; Value = "http://www.digikey.ca/product-detail/en/0022112062/WM2704-ND"; VariantName = "[No Variations]"
Added Component: Designator=P3(HDR1X6)
Add component. Clean all parameters for all variants
Add component (AddParameter): Name = "MPN"; Value = "PEC06SFAN"; VariantName = "[No Variations]"
Add component (AddParameter): Name = "PN"; Value = "S1212E-06-ND"; VariantName = "[No Variations]"
Add component (AddParameter): Name = "URL"; Value = "http://www.digikey.ca/product-detail/en/PEC06SFAN/S1212E-06-ND"; VariantName = "[No Variations]"
Added Component: Designator=P4(TYCO_282841_2)
Add component. Clean all parameters for all variants
Add component (AddParameter): Name = "LatestRevisionDate"; Value = "17-Jul-2002"; VariantName = "[No Variations]"
Add component (AddParameter): Name = "LatestRevisionNote"; Value = "Re-released for DXP Platform."; VariantName = "[No Variations]"
Add component (AddParameter): Name = "MPN"; Value = "282841-2"; VariantName = "[No Variations]"
Add component (AddParameter): Name = "PN"; Value = "A98342-ND"; VariantName = "[No Variations]"
Add component (AddParameter): Name = "Publisher"; Value = "Altium Limited"; VariantName = "[No Variations]"
Add component (AddParameter): Name = "URL"; Value = "http://www.digikey.ca/product-detail/en/282841-2/A98342-ND/1136740"; VariantName = "[No Variations]"
Added Component: Designator=P5(HDR1X16_LCD)
Add component. Clean all parameters for all variants
Add component (AddParameter): Name = "MPN"; Value = "PPPC161LFBN-RC"; VariantName = "[No Variations]"
Add component (AddParameter): Name = "PN"; Value = "S7049-ND"; VariantName = "[No Variations]"
Add component (AddParameter): Name = "URL"; Value = "http://www.digikey.ca/product-detail/en/PPPC161LFBN-RC/S7049-ND"; VariantName = "[No Variations]"
Added Component: Designator=P6(MOLEX_22-11-2062)
Add component. Clean all parameters for all variants
Add component (AddParameter): Name = "MPN"; Value = "0022112062"; VariantName = "[No Variations]"
Add component (AddParameter): Name = "PN"; Value = "WM2704-ND"; VariantName = "[No Variations]"
Add component (AddParameter): Name = "URL"; Value = "http://www.digikey.ca/product-detail/en/0022112062/WM2704-ND"; VariantName = "[No Variations]"
Added Component: Designator=P7(PPPC192LFBN-RC)
Add component. Clean all parameters for all variants
Add component (AddParameter): Name = "MPN"; Value = "PPPC192LFBN-RC"; VariantName = "[No Variations]"
Add component (AddParameter): Name = "PN"; Value = "S7122-ND"; VariantName = "[No Variations]"
Add component (AddParameter): Name = "URL"; Value = "https://www.digikey.ca/product-detail/en/sullins-connector-solutions/PPPC192LFBN-RC/S7122-ND"; VariantName = "[No Variations]"
Added Component: Designator=P8(TYCO_282841_2)
Add component. Clean all parameters for all variants
Add component (AddParameter): Name = "LatestRevisionDate"; Value = "17-Jul-2002"; VariantName = "[No Variations]"
Add component (AddParameter): Name = "LatestRevisionNote"; Value = "Re-released for DXP Platform."; VariantName = "[No Variations]"
Add component (AddParameter): Name = "MPN"; Value = "282841-2"; VariantName = "[No Variations]"
Add component (AddParameter): Name = "PN"; Value = "A98342-ND"; VariantName = "[No Variations]"
Add component (AddParameter): Name = "Publisher"; Value = "Altium Limited"; VariantName = "[No Variations]"
Add component (AddParameter): Name = "URL"; Value = "http://www.digikey.ca/product-detail/en/282841-2/A98342-ND/1136740"; VariantName = "[No Variations]"
Added Component: Designator=P9(MOLEX-22-11-2042)
Add component. Clean all parameters for all variants
Add component (AddParameter): Name = "MPN"; Value = "0022112042"; VariantName = "[No Variations]"
Add component (AddParameter): Name = "PN"; Value = "WM2702-ND"; VariantName = "[No Variations]"
Add component (AddParameter): Name = "URL"; Value = "http://www.digikey.ca/product-detail/en/0022112042/WM2702-ND"; VariantName = "[No Variations]"
Added Component: Designator=P10(PPPC192LFBN-RC)
Add component. Clean all parameters for all variants
Add component (AddParameter): Name = "MPN"; Value = "PPPC192LFBN-RC"; VariantName = "[No Variations]"
Add component (AddParameter): Name = "PN"; Value = "S7122-ND"; VariantName = "[No Variations]"
Add component (AddParameter): Name = "URL"; Value = "https://www.digikey.ca/product-detail/en/sullins-connector-solutions/PPPC192LFBN-RC/S7122-ND"; VariantName = "[No Variations]"
Added Component: Designator=Q1(SOT95P230X110-3M)
Add component. Clean all parameters for all variants
Add component (AddParameter): Name = "MPN"; Value = "BC846BLT3G"; VariantName = "[No Variations]"
Add component (AddParameter): Name = "PN"; Value = "BC846BLT3GOSCT-ND"; VariantName = "[No Variations]"
Add component (AddParameter): Name = "URL"; Value = "https://www.digikey.ca/product-detail/en/on-semiconductor/BC846BLT3G/BC846BLT3GOSCT-ND"; VariantName = "[No Variations]"
Added Component: Designator=R1(BOURNS_3386F)
Add component. Clean all parameters for all variants
Add component (AddParameter): Name = "LatestRevisionDate"; Value = "17-Jul-2002"; VariantName = "[No Variations]"
Add component (AddParameter): Name = "LatestRevisionNote"; Value = "Re-released for DXP Platform."; VariantName = "[No Variations]"
Add component (AddParameter): Name = "MPN"; Value = "3352T-1-103LF"; VariantName = "[No Variations]"
Add component (AddParameter): Name = "PackageDescription"; Value = "Variable Resistor, Thru-Hole; 3 Leads"; VariantName = "[No Variations]"
Add component (AddParameter): Name = "PackageReference"; Value = "VR5"; VariantName = "[No Variations]"
Add component (AddParameter): Name = "PN"; Value = "3352T-103LF-ND"; VariantName = "[No Variations]"
Add component (AddParameter): Name = "Published"; Value = "8-Jun-2000"; VariantName = "[No Variations]"
Add component (AddParameter): Name = "Publisher"; Value = "Altium Limited"; VariantName = "[No Variations]"
Add component (AddParameter): Name = "Set Position"; Value = "0.5"; VariantName = "[No Variations]"
Add component (AddParameter): Name = "Sim Note"; Value = "Enter the Resistance value and the set point into parameter fields."; VariantName = "[No Variations]"
Add component (AddParameter): Name = "URL"; Value = "http://www.digikey.ca/product-detail/en/3352T-1-103LF/3352T-103LF-ND"; VariantName = "[No Variations]"
Add component (AddParameter): Name = "Value"; Value = "10K"; VariantName = "[No Variations]"
Added Component: Designator=R2(RESC2112X05M)
Add component. Clean all parameters for all variants
Add component (AddParameter): Name = "MPN"; Value = "CRCW08050000Z0EA"; VariantName = "[No Variations]"
Add component (AddParameter): Name = "Name"; Value = "Resistor_0R_Jumper"; VariantName = "[No Variations]"
Add component (AddParameter): Name = "PN"; Value = "541-0.0ACT-ND"; VariantName = "[No Variations]"
Add component (AddParameter): Name = "URL"; Value = "http://www.digikey.ca/product-detail/en/CRCW08050000Z0EA/541-0.0ACT-ND"; VariantName = "[No Variations]"
Add component (AddParameter): Name = "Value"; Value = "0R"; VariantName = "[No Variations]"
Added Component: Designator=R3(RESC2112X05M)
Add component. Clean all parameters for all variants
Add component (AddParameter): Name = "MPN"; Value = "CRCW08053K32FKEA"; VariantName = "[No Variations]"
Add component (AddParameter): Name = "Name"; Value = "Resistor_3.32K"; VariantName = "[No Variations]"
Add component (AddParameter): Name = "PN"; Value = "541-3.32KCCT-ND"; VariantName = "[No Variations]"
Add component (AddParameter): Name = "URL"; Value = "http://www.digikey.ca/product-detail/en/CRCW08053K32FKEA/541-3.32KCCT-ND"; VariantName = "[No Variations]"
Add component (AddParameter): Name = "Value"; Value = "3.32K"; VariantName = "[No Variations]"
Added Component: Designator=R4(RESC3125X07M)
Add component. Clean all parameters for all variants
Add component (AddParameter): Name = "MPN"; Value = "RCWE1210R470FKEA"; VariantName = "[No Variations]"
Add component (AddParameter): Name = "Name"; Value = "Resistor_0.47R_1W"; VariantName = "[No Variations]"
Add component (AddParameter): Name = "PN"; Value = "RCWE.47FCT-ND"; VariantName = "[No Variations]"
Add component (AddParameter): Name = "URL"; Value = "http://www.digikey.ca/product-detail/en/vishay-dale/RCWE1210R470FKEA/RCWE.47FCT-ND"; VariantName = "[No Variations]"
Add component (AddParameter): Name = "Value"; Value = "0.47R"; VariantName = "[No Variations]"
Added Component: Designator=R5(RESC3125X07M)
Add component. Clean all parameters for all variants
Add component (AddParameter): Name = "MPN"; Value = "RCWE1210R470FKEA"; VariantName = "[No Variations]"
Add component (AddParameter): Name = "Name"; Value = "Resistor_0.47R_1W"; VariantName = "[No Variations]"
Add component (AddParameter): Name = "PN"; Value = "RCWE.47FCT-ND"; VariantName = "[No Variations]"
Add component (AddParameter): Name = "URL"; Value = "http://www.digikey.ca/product-detail/en/vishay-dale/RCWE1210R470FKEA/RCWE.47FCT-ND"; VariantName = "[No Variations]"
Add component (AddParameter): Name = "Value"; Value = "0.47R"; VariantName = "[No Variations]"
Added Component: Designator=R6(RESC2112X05M)
Add component. Clean all parameters for all variants
Add component (AddParameter): Name = "MPN"; Value = "CRCW08058K25FKEA"; VariantName = "[No Variations]"
Add component (AddParameter): Name = "Name"; Value = "Resistor_8.25K"; VariantName = "[No Variations]"
Add component (AddParameter): Name = "PN"; Value = "541-8.25KCCT-ND"; VariantName = "[No Variations]"
Add component (AddParameter): Name = "URL"; Value = "http://www.digikey.ca/product-detail/en/CRCW08058K25FKEA/541-8.25KCCT-ND"; VariantName = "[No Variations]"
Add component (AddParameter): Name = "Value"; Value = "8.25K"; VariantName = "[No Variations]"
Added Component: Designator=R7(RESC2112X05M)
Add component. Clean all parameters for all variants
Add component (AddParameter): Name = "MPN"; Value = "CRCW08054K75FKEA"; VariantName = "[No Variations]"
Add component (AddParameter): Name = "Name"; Value = "Resistor_4.75K"; VariantName = "[No Variations]"
Add component (AddParameter): Name = "PN"; Value = "541-4.75KCCT-ND"; VariantName = "[No Variations]"
Add component (AddParameter): Name = "URL"; Value = "http://www.digikey.ca/product-detail/en/CRCW08054K75FKEA/541-4.75KCCT-ND"; VariantName = "[No Variations]"
Add component (AddParameter): Name = "Value"; Value = "4.75K"; VariantName = "[No Variations]"
Added Component: Designator=R8(RESC2112X05M)
Add component. Clean all parameters for all variants
Add component (AddParameter): Name = "MPN"; Value = "CRCW080547K5FKEA"; VariantName = "[No Variations]"
Add component (AddParameter): Name = "Name"; Value = "Resistor_47.5K"; VariantName = "[No Variations]"
Add component (AddParameter): Name = "PN"; Value = "541-47.5KCCT-ND"; VariantName = "[No Variations]"
Add component (AddParameter): Name = "URL"; Value = "http://www.digikey.ca/product-detail/en/CRCW080547K5FKEA/541-47.5KCCT-ND"; VariantName = "[No Variations]"
Add component (AddParameter): Name = "Value"; Value = "47.5K"; VariantName = "[No Variations]"
Added Component: Designator=R9(RESC2112X05M)
Add component. Clean all parameters for all variants
Add component (AddParameter): Name = "MPN"; Value = "CRCW080510K0FKEA"; VariantName = "[No Variations]"
Add component (AddParameter): Name = "Name"; Value = "Resistor_10.0K"; VariantName = "[No Variations]"
Add component (AddParameter): Name = "PN"; Value = "541-10.0KCCT-ND"; VariantName = "[No Variations]"
Add component (AddParameter): Name = "URL"; Value = "http://www.digikey.ca/product-detail/en/CRCW080510K0FKEA/541-10.0KCCT-ND"; VariantName = "[No Variations]"
Add component (AddParameter): Name = "Value"; Value = "10.0K"; VariantName = "[No Variations]"
Added Component: Designator=R10(RESC2112X05M)
Add component. Clean all parameters for all variants
Add component (AddParameter): Name = "MPN"; Value = "CRCW080510K0FKEA"; VariantName = "[No Variations]"
Add component (AddParameter): Name = "Name"; Value = "Resistor_10.0K"; VariantName = "[No Variations]"
Add component (AddParameter): Name = "PN"; Value = "541-10.0KCCT-ND"; VariantName = "[No Variations]"
Add component (AddParameter): Name = "URL"; Value = "http://www.digikey.ca/product-detail/en/CRCW080510K0FKEA/541-10.0KCCT-ND"; VariantName = "[No Variations]"
Add component (AddParameter): Name = "Value"; Value = "10.0K"; VariantName = "[No Variations]"
Added Component: Designator=U1(NSO16_N)
Add component. Clean all parameters for all variants
Add component (AddParameter): Name = "Code_IPC"; Value = "SOIC127P600-16"; VariantName = "[No Variations]"
Add component (AddParameter): Name = "Code_JEDEC"; Value = "MS-012-AC"; VariantName = "[No Variations]"
Add component (AddParameter): Name = "ComponentLink1Description"; Value = "Manufacturer Link"; VariantName = "[No Variations]"
Add component (AddParameter): Name = "ComponentLink1URL"; Value = "http://www.maxim-ic.com/"; VariantName = "[No Variations]"
Add component (AddParameter): Name = "ComponentLink2Description"; Value = "Datasheet"; VariantName = "[No Variations]"
Add component (AddParameter): Name = "ComponentLink2URL"; Value = "http://pdfserv.maxim-ic.com/en/ds/MAX3222-MAX3241.pdf"; VariantName = "[No Variations]"
Add component (AddParameter): Name = "DatasheetVersion"; Value = "Mar-1999"; VariantName = "[No Variations]"
Add component (AddParameter): Name = "LatestRevisionDate"; Value = "13-Apr-2006"; VariantName = "[No Variations]"
Add component (AddParameter): Name = "LatestRevisionNote"; Value = "IPC-7351 Footprint Added."; VariantName = "[No Variations]"
Add component (AddParameter): Name = "MPN"; Value = "MAX3232CSE+"; VariantName = "[No Variations]"
Add component (AddParameter): Name = "PackageDescription"; Value = "16-Pin Small Outline Integrated Circuit 1.27 mm Pitch"; VariantName = "[No Variations]"
Add component (AddParameter): Name = "PackageReference"; Value = "NSO16"; VariantName = "[No Variations]"
Add component (AddParameter): Name = "PN"; Value = "MAX3232CSE+-ND"; VariantName = "[No Variations]"
Add component (AddParameter): Name = "Published"; Value = "16-Jan-2001"; VariantName = "[No Variations]"
Add component (AddParameter): Name = "Publisher"; Value = "Altium Limited"; VariantName = "[No Variations]"
Add component (AddParameter): Name = "URL"; Value = "http://www.digikey.ca/product-detail/en/MAX3232CSE%2B/MAX3232CSE%2B-ND"; VariantName = "[No Variations]"
Added Component: Designator=U2(SO20_N)
Add component. Clean all parameters for all variants
Add component (AddParameter): Name = "Code_IPC"; Value = "SOIC127P1030-20"; VariantName = "[No Variations]"
Add component (AddParameter): Name = "Code_JEDEC"; Value = "MS-013-AC"; VariantName = "[No Variations]"
Add component (AddParameter): Name = "ComponentLink1Description"; Value = "Manufacturer Link"; VariantName = "[No Variations]"
Add component (AddParameter): Name = "ComponentLink1URL"; Value = "http://www.st.com/"; VariantName = "[No Variations]"
Add component (AddParameter): Name = "ComponentLink2Description"; Value = "Datasheet"; VariantName = "[No Variations]"
Add component (AddParameter): Name = "ComponentLink2URL"; Value = "http://www.st.com/stonline/products/literature/ds/1330/l293d.pdf"; VariantName = "[No Variations]"
Add component (AddParameter): Name = "DatasheetVersion"; Value = "Jun-1996"; VariantName = "[No Variations]"
Add component (AddParameter): Name = "LatestRevisionDate"; Value = "13-Apr-2006"; VariantName = "[No Variations]"
Add component (AddParameter): Name = "LatestRevisionNote"; Value = "IPC-7351 Footprint Added."; VariantName = "[No Variations]"
Add component (AddParameter): Name = "MPN"; Value = "L293DD013TR"; VariantName = "[No Variations]"
Add component (AddParameter): Name = "PackageDescription"; Value = "20-Pin Plastic Small Outline Integrated Circuit 1.27 mm Pitch"; VariantName = "[No Variations]"
Add component (AddParameter): Name = "PackageReference"; Value = "SO20"; VariantName = "[No Variations]"
Add component (AddParameter): Name = "PackageVersion"; Value = "Jul-2001"; VariantName = "[No Variations]"
Add component (AddParameter): Name = "PN"; Value = "497-2937-1-ND"; VariantName = "[No Variations]"
Add component (AddParameter): Name = "Published"; Value = "8-Jun-2000"; VariantName = "[No Variations]"
Add component (AddParameter): Name = "Publisher"; Value = "Altium Limited"; VariantName = "[No Variations]"
Add component (AddParameter): Name = "URL"; Value = "http://www.digikey.ca/product-detail/en/L293DD013TR/497-2937-1-ND"; VariantName = "[No Variations]"
Added Component: Designator=U3(ONSEMITSSOP50P640X120-24M)
Add component. Clean all parameters for all variants
Add component (AddParameter): Name = "MPN"; Value = "LV8712T-TLM-H"; VariantName = "[No Variations]"
Add component (AddParameter): Name = "PN"; Value = "869-1290-1-ND"; VariantName = "[No Variations]"
Add component (AddParameter): Name = "URL"; Value = "http://www.digikey.ca/product-detail/en/on-semiconductor/LV8712T-TLM-H/869-1290-1-ND"; VariantName = "[No Variations]"
Added Pin To Net: NetName=3V3 Pin=C2-2
Added Pin To Net: NetName=3V3 Pin=C10-2
Added Pin To Net: NetName=3V3 Pin=P1-2
Added Pin To Net: NetName=3V3 Pin=P6-2
Added Pin To Net: NetName=3V3 Pin=P7-12
Added Pin To Net: NetName=3V3 Pin=P7-16
Added Pin To Net: NetName=3V3 Pin=R8-2
Added Pin To Net: NetName=3V3 Pin=U1-16
Added Pin To Net: NetName=3V3 Pin=U3-11
Added Pin To Net: NetName=3V3 Pin=U3-13
Added Pin To Net: NetName=3V3 Pin=U3-14
Added Net: Name=3V3
Added Pin To Net: NetName=5V0 Pin=C7-2
Added Pin To Net: NetName=5V0 Pin=P5-2
Added Pin To Net: NetName=5V0 Pin=P7-18
Added Pin To Net: NetName=5V0 Pin=R1-3
Added Pin To Net: NetName=5V0 Pin=R2-2
Added Pin To Net: NetName=5V0 Pin=R9-2
Added Pin To Net: NetName=5V0 Pin=U2-20
Added Net: Name=5V0
Added Pin To Net: NetName=AGND Pin=P3-1
Added Pin To Net: NetName=AGND Pin=P10-32
Added Net: Name=AGND
Added Pin To Net: NetName=AVDD Pin=P3-6
Added Pin To Net: NetName=AVDD Pin=P10-7
Added Net: Name=AVDD
Added Pin To Net: NetName=GND Pin=C2-1
Added Pin To Net: NetName=GND Pin=C4-1
Added Pin To Net: NetName=GND Pin=C5-1
Added Pin To Net: NetName=GND Pin=C6-1
Added Pin To Net: NetName=GND Pin=C7-1
Added Pin To Net: NetName=GND Pin=C8-2
Added Pin To Net: NetName=GND Pin=C9-1
Added Pin To Net: NetName=GND Pin=C10-1
Added Pin To Net: NetName=GND Pin=C11-1
Added Pin To Net: NetName=GND Pin=C12-1
Added Pin To Net: NetName=GND Pin=J1-5
Added Pin To Net: NetName=GND Pin=P1-5
Added Pin To Net: NetName=GND Pin=P4-1
Added Pin To Net: NetName=GND Pin=P5-1
Added Pin To Net: NetName=GND Pin=P6-5
Added Pin To Net: NetName=GND Pin=P7-8
Added Pin To Net: NetName=GND Pin=P7-19
Added Pin To Net: NetName=GND Pin=P7-20
Added Pin To Net: NetName=GND Pin=P7-22
Added Pin To Net: NetName=GND Pin=P8-1
Added Pin To Net: NetName=GND Pin=P10-9
Added Pin To Net: NetName=GND Pin=P10-20
Added Pin To Net: NetName=GND Pin=Q1-2
Added Pin To Net: NetName=GND Pin=R1-1
Added Pin To Net: NetName=GND Pin=R4-1
Added Pin To Net: NetName=GND Pin=R5-1
Added Pin To Net: NetName=GND Pin=R7-1
Added Pin To Net: NetName=GND Pin=R10-1
Added Pin To Net: NetName=GND Pin=U1-15
Added Pin To Net: NetName=GND Pin=U2-4
Added Pin To Net: NetName=GND Pin=U2-5
Added Pin To Net: NetName=GND Pin=U2-6
Added Pin To Net: NetName=GND Pin=U2-7
Added Pin To Net: NetName=GND Pin=U2-14
Added Pin To Net: NetName=GND Pin=U2-15
Added Pin To Net: NetName=GND Pin=U2-16
Added Pin To Net: NetName=GND Pin=U2-17
Added Pin To Net: NetName=GND Pin=U3-8
Added Pin To Net: NetName=GND Pin=U3-9
Added Pin To Net: NetName=GND Pin=U3-12
Added Pin To Net: NetName=GND Pin=U3-15
Added Pin To Net: NetName=GND Pin=U3-22
Added Net: Name=GND
Added Pin To Net: NetName=NetC1_1 Pin=C1-1
Added Pin To Net: NetName=NetC1_1 Pin=U1-3
Added Net: Name=NetC1_1
Added Pin To Net: NetName=NetC1_2 Pin=C1-2
Added Pin To Net: NetName=NetC1_2 Pin=U1-1
Added Net: Name=NetC1_2
Added Pin To Net: NetName=NetC3_1 Pin=C3-1
Added Pin To Net: NetName=NetC3_1 Pin=U1-5
Added Net: Name=NetC3_1
Added Pin To Net: NetName=NetC3_2 Pin=C3-2
Added Pin To Net: NetName=NetC3_2 Pin=U1-4
Added Net: Name=NetC3_2
Added Pin To Net: NetName=NetC4_2 Pin=C4-2
Added Pin To Net: NetName=NetC4_2 Pin=U1-2
Added Net: Name=NetC4_2
Added Pin To Net: NetName=NetC5_2 Pin=C5-2
Added Pin To Net: NetName=NetC5_2 Pin=U1-6
Added Net: Name=NetC5_2
Added Pin To Net: NetName=NetC12_2 Pin=C12-2
Added Pin To Net: NetName=NetC12_2 Pin=U3-10
Added Net: Name=NetC12_2
Added Pin To Net: NetName=NetD1_2 Pin=D1-2
Added Pin To Net: NetName=NetD1_2 Pin=P4-2
Added Net: Name=NetD1_2
Added Pin To Net: NetName=NetD2_2 Pin=D2-2
Added Pin To Net: NetName=NetD2_2 Pin=P8-2
Added Net: Name=NetD2_2
Added Pin To Net: NetName=NetJ1_1 Pin=J1-1
Added Pin To Net: NetName=NetJ1_1 Pin=J1-4
Added Pin To Net: NetName=NetJ1_1 Pin=J1-6
Added Net: Name=NetJ1_1
Added Pin To Net: NetName=NetJ1_2 Pin=J1-2
Added Pin To Net: NetName=NetJ1_2 Pin=U1-7
Added Net: Name=NetJ1_2
Added Pin To Net: NetName=NetJ1_3 Pin=J1-3
Added Pin To Net: NetName=NetJ1_3 Pin=U1-8
Added Net: Name=NetJ1_3
Added Pin To Net: NetName=NetJ1_7 Pin=J1-7
Added Pin To Net: NetName=NetJ1_7 Pin=J1-8
Added Net: Name=NetJ1_7
Added Pin To Net: NetName=NetP1_1 Pin=P1-1
Added Pin To Net: NetName=NetP1_1 Pin=U2-13
Added Net: Name=NetP1_1
Added Pin To Net: NetName=NetP1_6 Pin=P1-6
Added Pin To Net: NetName=NetP1_6 Pin=U2-18
Added Net: Name=NetP1_6
Added Pin To Net: NetName=NetP5_3 Pin=P5-3
Added Pin To Net: NetName=NetP5_3 Pin=R1-2
Added Net: Name=NetP5_3
Added Pin To Net: NetName=NetP5_7 Pin=P5-7
Added Pin To Net: NetName=NetP5_7 Pin=P5-8
Added Pin To Net: NetName=NetP5_7 Pin=P5-9
Added Pin To Net: NetName=NetP5_7 Pin=P5-10
Added Pin To Net: NetName=NetP5_7 Pin=R9-1
Added Net: Name=NetP5_7
Added Pin To Net: NetName=NetP5_15 Pin=P5-15
Added Pin To Net: NetName=NetP5_15 Pin=R2-1
Added Net: Name=NetP5_15
Added Pin To Net: NetName=NetP5_16 Pin=P5-16
Added Pin To Net: NetName=NetP5_16 Pin=Q1-3
Added Net: Name=NetP5_16
Added Pin To Net: NetName=NetP6_1 Pin=P6-1
Added Pin To Net: NetName=NetP6_1 Pin=U2-3
Added Net: Name=NetP6_1
Added Pin To Net: NetName=NetP6_6 Pin=P6-6
Added Pin To Net: NetName=NetP6_6 Pin=U2-8
Added Net: Name=NetP6_6
Added Pin To Net: NetName=NetQ1_1 Pin=Q1-1
Added Pin To Net: NetName=NetQ1_1 Pin=R3-2
Added Net: Name=NetQ1_1
Added Pin To Net: NetName=NetR6_1 Pin=R6-1
Added Pin To Net: NetName=NetR6_1 Pin=R7-2
Added Pin To Net: NetName=NetR6_1 Pin=U3-6
Added Net: Name=NetR6_1
Added Pin To Net: NetName=OUT1A Pin=P9-4
Added Pin To Net: NetName=OUT1A Pin=U3-23
Added Net: Name=OUT1A
Added Pin To Net: NetName=OUT1B Pin=P9-3
Added Pin To Net: NetName=OUT1B Pin=U3-20
Added Net: Name=OUT1B
Added Pin To Net: NetName=OUT2A Pin=P9-2
Added Pin To Net: NetName=OUT2A Pin=U3-18
Added Net: Name=OUT2A
Added Pin To Net: NetName=OUT2B Pin=P9-1
Added Pin To Net: NetName=OUT2B Pin=U3-16
Added Net: Name=OUT2B
Added Pin To Net: NetName=PA0 Pin=P7-28
Added Pin To Net: NetName=PA0 Pin=U2-2
Added Net: Name=PA0
Added Pin To Net: NetName=PA1 Pin=P7-30
Added Pin To Net: NetName=PA1 Pin=U2-9
Added Net: Name=PA1
Added Pin To Net: NetName=PA4 Pin=P3-5
Added Pin To Net: NetName=PA4 Pin=P7-32
Added Pin To Net: NetName=PA4 Pin=R6-2
Added Net: Name=PA4
Added Pin To Net: NetName=PA6 Pin=P6-3
Added Pin To Net: NetName=PA6 Pin=P10-13
Added Net: Name=PA6
Added Pin To Net: NetName=PA7 Pin=P6-4
Added Pin To Net: NetName=PA7 Pin=P10-15
Added Net: Name=PA7
Added Pin To Net: NetName=PA8 Pin=P10-23
Added Pin To Net: NetName=PA8 Pin=U2-1
Added Net: Name=PA8
Added Pin To Net: NetName=PA9 Pin=P10-21
Added Pin To Net: NetName=PA9 Pin=U2-11
Added Net: Name=PA9
Added Pin To Net: NetName=PA10 Pin=P10-33
Added Pin To Net: NetName=PA10 Pin=R3-1
Added Net: Name=PA10
Added Pin To Net: NetName=PA11 Pin=P1-3
Added Pin To Net: NetName=PA11 Pin=P10-14
Added Net: Name=PA11
Added Pin To Net: NetName=PA12 Pin=P1-4
Added Pin To Net: NetName=PA12 Pin=P10-12
Added Net: Name=PA12
Added Pin To Net: NetName=PB4 Pin=P5-11
Added Pin To Net: NetName=PB4 Pin=P10-27
Added Net: Name=PB4
Added Pin To Net: NetName=PB5 Pin=P5-12
Added Pin To Net: NetName=PB5 Pin=P10-29
Added Net: Name=PB5
Added Pin To Net: NetName=PB6 Pin=P5-13
Added Pin To Net: NetName=PB6 Pin=P10-17
Added Net: Name=PB6
Added Pin To Net: NetName=PB7 Pin=P5-14
Added Pin To Net: NetName=PB7 Pin=P7-21
Added Net: Name=PB7
Added Pin To Net: NetName=PB10 Pin=P10-25
Added Pin To Net: NetName=PB10 Pin=U2-12
Added Net: Name=PB10
Added Pin To Net: NetName=PB11 Pin=P10-18
Added Pin To Net: NetName=PB11 Pin=U2-19
Added Net: Name=PB11
Added Pin To Net: NetName=PB12 Pin=P5-6
Added Pin To Net: NetName=PB12 Pin=P10-16
Added Pin To Net: NetName=PB12 Pin=R10-2
Added Net: Name=PB12
Added Pin To Net: NetName=PB13 Pin=P5-4
Added Pin To Net: NetName=PB13 Pin=P10-30
Added Net: Name=PB13
Added Pin To Net: NetName=PB14 Pin=P10-28
Added Pin To Net: NetName=PB14 Pin=U3-7
Added Net: Name=PB14
Added Pin To Net: NetName=PB15 Pin=P5-5
Added Pin To Net: NetName=PB15 Pin=P10-26
Added Net: Name=PB15
Added Pin To Net: NetName=PC0 Pin=P3-2
Added Pin To Net: NetName=PC0 Pin=P7-38
Added Net: Name=PC0
Added Pin To Net: NetName=PC1 Pin=P3-3
Added Pin To Net: NetName=PC1 Pin=P7-36
Added Net: Name=PC1
Added Pin To Net: NetName=PC2 Pin=P3-4
Added Pin To Net: NetName=PC2 Pin=P7-35
Added Net: Name=PC2
Added Pin To Net: NetName=PC3 Pin=P7-37
Added Pin To Net: NetName=PC3 Pin=U3-1
Added Net: Name=PC3
Added Pin To Net: NetName=PC4 Pin=P10-34
Added Pin To Net: NetName=PC4 Pin=U3-2
Added Net: Name=PC4
Added Pin To Net: NetName=PC5 Pin=P10-6
Added Pin To Net: NetName=PC5 Pin=U3-24
Added Net: Name=PC5
Added Pin To Net: NetName=PC8 Pin=P10-2
Added Pin To Net: NetName=PC8 Pin=U3-4
Added Net: Name=PC8
Added Pin To Net: NetName=PC9 Pin=P10-1
Added Pin To Net: NetName=PC9 Pin=R8-1
Added Pin To Net: NetName=PC9 Pin=U3-5
Added Net: Name=PC9
Added Pin To Net: NetName=PC10 Pin=P7-1
Added Pin To Net: NetName=PC10 Pin=U1-10
Added Net: Name=PC10
Added Pin To Net: NetName=PC11 Pin=P7-2
Added Pin To Net: NetName=PC11 Pin=U1-9
Added Net: Name=PC11
Added Pin To Net: NetName=REG5 Pin=C11-2
Added Pin To Net: NetName=REG5 Pin=U3-3
Added Net: Name=REG5
Added Pin To Net: NetName=RNF1 Pin=R5-2
Added Pin To Net: NetName=RNF1 Pin=U3-21
Added Net: Name=RNF1
Added Pin To Net: NetName=RNF2 Pin=R4-2
Added Pin To Net: NetName=RNF2 Pin=U3-17
Added Net: Name=RNF2
Added Pin To Net: NetName=VMOTOR Pin=C6-2
Added Pin To Net: NetName=VMOTOR Pin=D1-1
Added Pin To Net: NetName=VMOTOR Pin=U2-10
Added Net: Name=VMOTOR
Added Pin To Net: NetName=VM Pin=C8-1
Added Pin To Net: NetName=VM Pin=C9-2
Added Pin To Net: NetName=VM Pin=D2-1
Added Pin To Net: NetName=VM Pin=U3-19
Added Net: Name=VM
Added Class: Name=Sheet1
Added Class: Name=Sheet2
Added Class: Name=Sheet3
